
Writing 0 new records to collection
Transcripts disabled for video: MJLq0Nw9YgM
No transcript found for video: hDhploWe9Ec
Transcripts disabled for video: wHdN6KFxmgs
Transcripts disabled for video: imluGUa6YEo
Transcripts disabled for video: cln_VNkl688
Transcripts disabled for video: naiRdSkaVpk
Transcripts disabled for video: zWICNmMVhLs
Transcripts disabled for video: QeYyLho2bnQ
Transcripts disabled for video: vWCt3fcQqgM
Transcripts disabled for video: G_KNy7bdc80
90
Transcripts disabled for video: 2IlvPU2-BIM
Transcripts disabled for video: 9PT6KJxYdnQ
Transcripts disabled for video: U6OPcaMMQyQ
Transcripts disabled for video: QfV9mw42dvs
Transcripts disabled for video: YdeaPEP5K9k
Transcripts disabled for video: vEwJwLUZjyU
Transcripts disabled for video: WrRZYoPWWFU
100
Transcripts disabled for video: Z3KW869TSL0
Done
Writing 0 new records to collection
Transcripts disabled for video: MJLq0Nw9YgM
No transcript found for video: hDhploWe9Ec
Transcripts disabled for video: wHdN6KFxmgs
Transcripts disabled for video: imluGUa6YEo
Transcripts disabled for video: cln_VNkl688
Transcripts disabled for video: naiRdSkaVpk
Transcripts disabled for video: zWICNmMVhLs
Transcripts disabled for video: QeYyLho2bnQ
Transcripts disabled for video: vWCt3fcQqgM
Transcripts disabled for video: G_KNy7bdc80
90
Transcripts disabled for video: 2IlvPU2-BIM
Transcripts disabled for video: 9PT6KJxYdnQ
Transcripts disabled for video: U6OPcaMMQyQ
Transcripts disabled for video: QfV9mw42dvs
Transcripts disabled for video: YdeaPEP5K9k
Transcripts disabled for video: vEwJwLUZjyU
Transcripts disabled for video: WrRZYoPWWFU
100
Transcripts disabled for video: Z3KW869TSL0
Done
Writing 0 new records to collection
Transcripts disabled for video: MJLq0Nw9YgM
No transcript found for video: hDhploWe9Ec
Transcripts disabled for video: wHdN6KFxmgs
Transcripts disabled for video: imluGUa6YEo
Transcripts disabled for video: cln_VNkl688
Transcripts disabled for video: naiRdSkaVpk
Transcripts disabled for video: zWICNmMVhLs
Transcripts disabled for video: QeYyLho2bnQ
Transcripts disabled for video: vWCt3fcQqgM
Transcripts disabled for video: G_KNy7bdc80
90
Transcripts disabled for video: 2IlvPU2-BIM
Transcripts disabled for video: 9PT6KJxYdnQ
Transcripts disabled for video: U6OPcaMMQyQ
Transcripts disabled for video: QfV9mw42dvs
Transcripts disabled for video: YdeaPEP5K9k
Transcripts disabled for video: vEwJwLUZjyU
Transcripts disabled for video: WrRZYoPWWFU
100
Transcripts disabled for video: Z3KW869TSL0
Done
Writing 0 new records to collection
Transcripts disabled for video: MJLq0Nw9YgM
No transcript found for video: hDhploWe9Ec
Transcripts disabled for video: wHdN6KFxmgs
Transcripts disabled for video: imluGUa6YEo
Transcripts disabled for video: cln_VNkl688
Transcripts disabled for video: naiRdSkaVpk
Transcripts disabled for video: zWICNmMVhLs
Transcripts disabled for video: QeYyLho2bnQ
Transcripts disabled for video: vWCt3fcQqgM
Transcripts disabled for video: G_KNy7bdc80
90
Transcripts disabled for video: 2IlvPU2-BIM
Transcripts disabled for video: 9PT6KJxYdnQ
Transcripts disabled for video: U6OPcaMMQyQ
Transcripts disabled for video: QfV9mw42dvs
Transcripts disabled for video: YdeaPEP5K9k
Transcripts disabled for video: vEwJwLUZjyU
Transcripts disabled for video: WrRZYoPWWFU
100
Transcripts disabled for video: Z3KW869TSL0
Done
Writing 0 new records to collection
Transcripts disabled for video: MJLq0Nw9YgM
No transcript found for video: hDhploWe9Ec
Transcripts disabled for video: wHdN6KFxmgs
Transcripts disabled for video: imluGUa6YEo
Transcripts disabled for video: cln_VNkl688
Transcripts disabled for video: naiRdSkaVpk
Transcripts disabled for video: zWICNmMVhLs
Transcripts disabled for video: QeYyLho2bnQ
Transcripts disabled for video: vWCt3fcQqgM
Transcripts disabled for video: G_KNy7bdc80
90
Transcripts disabled for video: 2IlvPU2-BIM
Transcripts disabled for video: 9PT6KJxYdnQ
Transcripts disabled for video: U6OPcaMMQyQ
Transcripts disabled for video: QfV9mw42dvs
Transcripts disabled for video: YdeaPEP5K9k
Transcripts disabled for video: vEwJwLUZjyU
Transcripts disabled for video: WrRZYoPWWFU
100
Transcripts disabled for video: Z3KW869TSL0
Done
Writing 0 new records to collection
Transcripts disabled for video: MJLq0Nw9YgM
No transcript found for video: hDhploWe9Ec
Transcripts disabled for video: wHdN6KFxmgs
Transcripts disabled for video: imluGUa6YEo
Transcripts disabled for video: cln_VNkl688
Transcripts disabled for video: naiRdSkaVpk
Transcripts disabled for video: zWICNmMVhLs
Transcripts disabled for video: QeYyLho2bnQ
Transcripts disabled for video: vWCt3fcQqgM
Transcripts disabled for video: G_KNy7bdc80
90
Transcripts disabled for video: 2IlvPU2-BIM
Transcripts disabled for video: 9PT6KJxYdnQ
Transcripts disabled for video: U6OPcaMMQyQ
Transcripts disabled for video: QfV9mw42dvs
Transcripts disabled for video: YdeaPEP5K9k
Transcripts disabled for video: vEwJwLUZjyU
Transcripts disabled for video: WrRZYoPWWFU
100
Transcripts disabled for video: Z3KW869TSL0
Done
Writing 0 new records to collection
Transcripts disabled for video: MJLq0Nw9YgM
No transcript found for video: hDhploWe9Ec
Transcripts disabled for video: wHdN6KFxmgs
Transcripts disabled for video: imluGUa6YEo
Transcripts disabled for video: cln_VNkl688
Transcripts disabled for video: naiRdSkaVpk
Transcripts disabled for video: zWICNmMVhLs
Transcripts disabled for video: QeYyLho2bnQ
Transcripts disabled for video: vWCt3fcQqgM
Transcripts disabled for video: G_KNy7bdc80
90
Transcripts disabled for video: 2IlvPU2-BIM
Transcripts disabled for video: 9PT6KJxYdnQ
Transcripts disabled for video: U6OPcaMMQyQ
Transcripts disabled for video: QfV9mw42dvs
Transcripts disabled for video: YdeaPEP5K9k
Transcripts disabled for video: vEwJwLUZjyU
Transcripts disabled for video: WrRZYoPWWFU
100
Transcripts disabled for video: Z3KW869TSL0
Done
Writing 0 new records to collection
Transcripts disabled for video: MJLq0Nw9YgM
No transcript found for video: hDhploWe9Ec
Transcripts disabled for video: wHdN6KFxmgs
Transcripts disabled for video: imluGUa6YEo
Transcripts disabled for video: cln_VNkl688
Transcripts disabled for video: naiRdSkaVpk
Transcripts disabled for video: zWICNmMVhLs
Transcripts disabled for video: QeYyLho2bnQ
Transcripts disabled for video: vWCt3fcQqgM
Transcripts disabled for video: G_KNy7bdc80
90
Transcripts disabled for video: 2IlvPU2-BIM
Transcripts disabled for video: 9PT6KJxYdnQ
Transcripts disabled for video: U6OPcaMMQyQ
Transcripts disabled for video: QfV9mw42dvs
Transcripts disabled for video: YdeaPEP5K9k
Transcripts disabled for video: vEwJwLUZjyU
Transcripts disabled for video: WrRZYoPWWFU
100
Transcripts disabled for video: Z3KW869TSL0
Done
